0 info it worked if it ends with ok
1 verbose cli [ '/usr/bin/node', '/usr/bin/npm', 'install', '-g', 'wsl-open' ]
2 info using npm@3.5.2
3 info using node@v8.10.0
4 silly loadCurrentTree Starting
5 silly install loadCurrentTree
6 silly install readGlobalPackageData
7 silly fetchPackageMetaData wsl-open
8 silly fetchNamedPackageData wsl-open
9 silly mapToRegistry name wsl-open
10 silly mapToRegistry using default registry
11 silly mapToRegistry registry https://registry.npmjs.org/
12 silly mapToRegistry uri https://registry.npmjs.org/wsl-open
13 verbose request uri https://registry.npmjs.org/wsl-open
14 verbose request no auth needed
15 info attempt registry request try #1 at 5:32:06 PM
16 verbose request id 7a20c227e69cbd7a
17 http request GET https://registry.npmjs.org/wsl-open
18 http 200 https://registry.npmjs.org/wsl-open
19 verbose headers { date: 'Fri, 06 Jan 2023 09:32:09 GMT',
19 verbose headers   'content-type': 'application/json',
19 verbose headers   'transfer-encoding': 'chunked',
19 verbose headers   connection: 'keep-alive',
19 verbose headers   'cf-ray': '785371daaadef95b-SJC',
19 verbose headers   'access-control-allow-origin': '*',
19 verbose headers   'cache-control': 'public, max-age=300',
19 verbose headers   etag: 'W/"8bfc2a1dbb71c93abd1a701c1d18b066"',
19 verbose headers   'last-modified': 'Wed, 29 Jun 2022 04:01:17 GMT',
19 verbose headers   vary: 'accept-encoding, accept',
19 verbose headers   'cf-cache-status': 'MISS',
19 verbose headers   'x-amz-replication-status': 'COMPLETED',
19 verbose headers   server: 'cloudflare',
19 verbose headers   'content-encoding': 'gzip' }
20 silly get cb [ 200,
20 silly get   { date: 'Fri, 06 Jan 2023 09:32:09 GMT',
20 silly get     'content-type': 'application/json',
20 silly get     'transfer-encoding': 'chunked',
20 silly get     connection: 'keep-alive',
20 silly get     'cf-ray': '785371daaadef95b-SJC',
20 silly get     'access-control-allow-origin': '*',
20 silly get     'cache-control': 'public, max-age=300',
20 silly get     etag: 'W/"8bfc2a1dbb71c93abd1a701c1d18b066"',
20 silly get     'last-modified': 'Wed, 29 Jun 2022 04:01:17 GMT',
20 silly get     vary: 'accept-encoding, accept',
20 silly get     'cf-cache-status': 'MISS',
20 silly get     'x-amz-replication-status': 'COMPLETED',
20 silly get     server: 'cloudflare',
20 silly get     'content-encoding': 'gzip' } ]
21 verbose get saving wsl-open to /home/rxy/.npm/registry.npmjs.org/wsl-open/.cache.json
22 verbose makeDirectory /home/rxy/.npm creation not in flight; initializing
23 silly makeDirectory /home/rxy/.npm uid: 1000 gid: 1000
24 silly install normalizeTree
25 silly loadCurrentTree Finishing
26 silly loadIdealTree Starting
27 silly install loadIdealTree
28 silly cloneCurrentTree Starting
29 silly install cloneCurrentTreeToIdealTree
30 silly cloneCurrentTree Finishing
31 silly loadShrinkwrap Starting
32 silly install loadShrinkwrap
33 silly loadShrinkwrap Finishing
34 silly loadAllDepsIntoIdealTree Starting
35 silly install loadAllDepsIntoIdealTree
36 silly resolveWithNewModule wsl-open@2.2.1 checking installable status
37 silly cache add args [ 'wsl-open', null ]
38 verbose cache add spec wsl-open
39 silly cache add parsed spec Result {
39 silly cache add   raw: 'wsl-open',
39 silly cache add   scope: null,
39 silly cache add   name: 'wsl-open',
39 silly cache add   rawSpec: '',
39 silly cache add   spec: 'latest',
39 silly cache add   type: 'tag' }
40 silly addNamed wsl-open@latest
41 verbose addNamed "latest" is being treated as a dist-tag for wsl-open
42 info addNameTag [ 'wsl-open', 'latest' ]
43 silly mapToRegistry name wsl-open
44 silly mapToRegistry using default registry
45 silly mapToRegistry registry https://registry.npmjs.org/
46 silly mapToRegistry uri https://registry.npmjs.org/wsl-open
47 verbose addNameTag registry:https://registry.npmjs.org/wsl-open not in flight; fetching
48 verbose get https://registry.npmjs.org/wsl-open not expired, no request
49 silly addNameTag next cb for wsl-open with tag latest
50 silly addNamed wsl-open@2.2.1
51 verbose addNamed "2.2.1" is a plain semver version for wsl-open
52 silly mapToRegistry name wsl-open
53 silly mapToRegistry using default registry
54 silly mapToRegistry registry https://registry.npmjs.org/
55 silly mapToRegistry uri https://registry.npmjs.org/wsl-open
56 verbose addRemoteTarball https://registry.npmjs.org/wsl-open/-/wsl-open-2.2.1.tgz not in flight; adding
57 verbose addRemoteTarball [ 'https://registry.npmjs.org/wsl-open/-/wsl-open-2.2.1.tgz',
57 verbose addRemoteTarball   '0542ef005ef03dbc371e792ec9b501f88d5aedff' ]
58 info retry fetch attempt 1 at 5:32:07 PM
59 info attempt registry request try #1 at 5:32:07 PM
60 http fetch GET https://registry.npmjs.org/wsl-open/-/wsl-open-2.2.1.tgz
61 http fetch 200 https://registry.npmjs.org/wsl-open/-/wsl-open-2.2.1.tgz
62 silly fetchAndShaCheck shasum 0542ef005ef03dbc371e792ec9b501f88d5aedff
63 verbose addTmpTarball /tmp/npm-8632-63e8b314/registry.npmjs.org/wsl-open/-/wsl-open-2.2.1.tgz not in flight; adding
64 verbose addTmpTarball already have metadata; skipping unpack for wsl-open@2.2.1
65 silly cache afterAdd wsl-open@2.2.1
66 verbose afterAdd /home/rxy/.npm/wsl-open/2.2.1/package/package.json not in flight; writing
67 verbose afterAdd /home/rxy/.npm/wsl-open/2.2.1/package/package.json written
68 silly loadAllDepsIntoIdealTree Finishing
69 silly idealTree:prePrune lib
69 silly idealTree:prePrune └── wsl-open@2.2.1
70 silly loadIdealTree Finishing
71 silly currentTree lib
72 silly idealTree lib
72 silly idealTree └── wsl-open@2.2.1
73 silly generateActionsToTake Starting
74 silly install generateActionsToTake
75 warn checkPermissions Missing write access to /usr/local/lib
76 silly rollbackFailedOptional Starting
77 silly rollbackFailedOptional Finishing
78 silly runTopLevelLifecycles Starting
79 silly runTopLevelLifecycles Finishing
80 silly install printInstalled
81 verbose stack Error: EACCES: permission denied, access '/usr/local/lib'
82 verbose cwd /home/rxy/.config/nvim/lua/plugin-config
83 error Linux 5.10.16.3-microsoft-standard-WSL2
84 error argv "/usr/bin/node" "/usr/bin/npm" "install" "-g" "wsl-open"
85 error node v8.10.0
86 error npm  v3.5.2
87 error path /usr/local/lib
88 error code EACCES
89 error errno -13
90 error syscall access
91 error Error: EACCES: permission denied, access '/usr/local/lib'
91 error  { Error: EACCES: permission denied, access '/usr/local/lib'
91 error   errno: -13,
91 error   code: 'EACCES',
91 error   syscall: 'access',
91 error   path: '/usr/local/lib' }
92 error Please try running this command again as root/Administrator.
93 verbose exit [ -13, true ]
